<?xml version="1.0" encoding="UTF-8"?>
<testng-results ignored="0" total="60" passed="60" failed="0" skipped="0">
  <reporter-output>
  </reporter-output>
  <suite started-at="2024-04-09T10:40:18 CDT" name="dsalgoSuite" finished-at="2024-04-09T10:41:44 CDT" duration-ms="85816">
    <groups>
      <group name="cucumber">
        <method signature="AbstractTestNGCucumberTests.runScenario(io.cucumber.testng.PickleWrapper,io.cucumber.testng.FeatureWrapper)[pri:0, instance:dsalgotestrunner.TestRunner2@676cf48]" name="runScenario" class="io.cucumber.testng.AbstractTestNGCucumberTests"/>
      </group> <!-- cucumber -->
    </groups>
    <test started-at="2024-04-09T10:40:18 CDT" name="FirefoxTest" finished-at="2024-04-09T10:41:44 CDT" duration-ms="85816">
      <class name="dsalgotestrunner.TestRunner2">
        <test-method is-config="true" signature="defineBrowser(java.lang.String)[pri:0, instance:dsalgotestrunner.TestRunner2@676cf48]" started-at="2024-04-09T10:40:18 CDT" name="defineBrowser" finished-at="2024-04-09T10:40:18 CDT" duration-ms="16" status="PASS">
          <params>
            <param index="0">
              <value>
                <![CDATA[${browser}]]>
              </value>
            </param>
          </params>
          <reporter-output>
          </reporter-output>
        </test-method> <!-- defineBrowser -->
        <test-method is-config="true" signature="setUpClass(org.testng.ITestContext)[pri:0, instance:dsalgotestrunner.TestRunner2@676cf48]" started-at="2024-04-09T10:40:18 CDT" name="setUpClass" finished-at="2024-04-09T10:40:19 CDT" duration-ms="810" status="PASS">
          <params>
            <param index="0">
              <value>
                <![CDATA[org.testng.TestRunner@6b3e12b5]]>
              </value>
            </param>
          </params>
          <reporter-output>
          </reporter-output>
        </test-method> <!-- setUpClass -->
        <test-method signature="runScenario(io.cucumber.testng.PickleWrapper,io.cucumber.testng.FeatureWrapper)[pri:0, instance:dsalgotestrunner.TestRunner2@676cf48]" started-at="2024-04-09T10:40:19 CDT" name="runScenario" description="Runs Cucumber Scenarios" data-provider="scenarios" finished-at="2024-04-09T10:40:46 CDT" duration-ms="27845" status="PASS">
          <params>
            <param index="0">
              <value>
                <![CDATA["Search the array"]]>
              </value>
            </param>
            <param index="1">
              <value>
                <![CDATA["Array in Homepage"]]>
              </value>
            </param>
          </params>
          <reporter-output>
          </reporter-output>
        </test-method> <!-- runScenario -->
        <test-method signature="runScenario(io.cucumber.testng.PickleWrapper,io.cucumber.testng.FeatureWrapper)[pri:0, instance:dsalgotestrunner.TestRunner2@676cf48]" started-at="2024-04-09T10:40:19 CDT" name="runScenario" description="Runs Cucumber Scenarios" data-provider="scenarios" finished-at="2024-04-09T10:40:40 CDT" duration-ms="21010" status="PASS">
          <params>
            <param index="0">
              <value>
                <![CDATA["Applications of Array"]]>
              </value>
            </param>
            <param index="1">
              <value>
                <![CDATA["Array in Homepage"]]>
              </value>
            </param>
          </params>
          <reporter-output>
          </reporter-output>
        </test-method> <!-- runScenario -->
        <test-method signature="runScenario(io.cucumber.testng.PickleWrapper,io.cucumber.testng.FeatureWrapper)[pri:0, instance:dsalgotestrunner.TestRunner2@676cf48]" started-at="2024-04-09T10:40:19 CDT" name="runScenario" description="Runs Cucumber Scenarios" data-provider="scenarios" finished-at="2024-04-09T10:40:39 CDT" duration-ms="19939" status="PASS">
          <params>
            <param index="0">
              <value>
                <![CDATA["Practice Questions"]]>
              </value>
            </param>
            <param index="1">
              <value>
                <![CDATA["Array in Homepage"]]>
              </value>
            </param>
          </params>
          <reporter-output>
          </reporter-output>
        </test-method> <!-- runScenario -->
        <test-method signature="runScenario(io.cucumber.testng.PickleWrapper,io.cucumber.testng.FeatureWrapper)[pri:0, instance:dsalgotestrunner.TestRunner2@676cf48]" started-at="2024-04-09T10:40:19 CDT" name="runScenario" description="Runs Cucumber Scenarios" data-provider="scenarios" finished-at="2024-04-09T10:40:44 CDT" duration-ms="25305" status="PASS">
          <params>
            <param index="0">
              <value>
                <![CDATA["Find the numbers with even number of digits"]]>
              </value>
            </param>
            <param index="1">
              <value>
                <![CDATA["Array in Homepage"]]>
              </value>
            </param>
          </params>
          <reporter-output>
          </reporter-output>
        </test-method> <!-- runScenario -->
        <test-method signature="runScenario(io.cucumber.testng.PickleWrapper,io.cucumber.testng.FeatureWrapper)[pri:0, instance:dsalgotestrunner.TestRunner2@676cf48]" started-at="2024-04-09T10:40:19 CDT" name="runScenario" description="Runs Cucumber Scenarios" data-provider="scenarios" finished-at="2024-04-09T10:40:44 CDT" duration-ms="25053" status="PASS">
          <params>
            <param index="0">
              <value>
                <![CDATA["Squares of sorted array"]]>
              </value>
            </param>
            <param index="1">
              <value>
                <![CDATA["Array in Homepage"]]>
              </value>
            </param>
          </params>
          <reporter-output>
          </reporter-output>
        </test-method> <!-- runScenario -->
        <test-method signature="runScenario(io.cucumber.testng.PickleWrapper,io.cucumber.testng.FeatureWrapper)[pri:0, instance:dsalgotestrunner.TestRunner2@676cf48]" started-at="2024-04-09T10:40:19 CDT" name="runScenario" description="Runs Cucumber Scenarios" data-provider="scenarios" finished-at="2024-04-09T10:40:39 CDT" duration-ms="20460" status="PASS">
          <params>
            <param index="0">
              <value>
                <![CDATA["Arrays in Python"]]>
              </value>
            </param>
            <param index="1">
              <value>
                <![CDATA["Array in Homepage"]]>
              </value>
            </param>
          </params>
          <reporter-output>
          </reporter-output>
        </test-method> <!-- runScenario -->
        <test-method signature="runScenario(io.cucumber.testng.PickleWrapper,io.cucumber.testng.FeatureWrapper)[pri:0, instance:dsalgotestrunner.TestRunner2@676cf48]" started-at="2024-04-09T10:40:19 CDT" name="runScenario" description="Runs Cucumber Scenarios" data-provider="scenarios" finished-at="2024-04-09T10:40:48 CDT" duration-ms="29431" status="PASS">
          <params>
            <param index="0">
              <value>
                <![CDATA["Max consecutive ones"]]>
              </value>
            </param>
            <param index="1">
              <value>
                <![CDATA["Array in Homepage"]]>
              </value>
            </param>
          </params>
          <reporter-output>
          </reporter-output>
        </test-method> <!-- runScenario -->
        <test-method signature="runScenario(io.cucumber.testng.PickleWrapper,io.cucumber.testng.FeatureWrapper)[pri:0, instance:dsalgotestrunner.TestRunner2@676cf48]" started-at="2024-04-09T10:40:19 CDT" name="runScenario" description="Runs Cucumber Scenarios" data-provider="scenarios" finished-at="2024-04-09T10:40:38 CDT" duration-ms="19759" status="PASS">
          <params>
            <param index="0">
              <value>
                <![CDATA["Arrays using List"]]>
              </value>
            </param>
            <param index="1">
              <value>
                <![CDATA["Array in Homepage"]]>
              </value>
            </param>
          </params>
          <reporter-output>
          </reporter-output>
        </test-method> <!-- runScenario -->
        <test-method signature="runScenario(io.cucumber.testng.PickleWrapper,io.cucumber.testng.FeatureWrapper)[pri:0, instance:dsalgotestrunner.TestRunner2@676cf48]" started-at="2024-04-09T10:40:19 CDT" name="runScenario" description="Runs Cucumber Scenarios" data-provider="scenarios" finished-at="2024-04-09T10:40:39 CDT" duration-ms="20469" status="PASS">
          <params>
            <param index="0">
              <value>
                <![CDATA["Arrays"]]>
              </value>
            </param>
            <param index="1">
              <value>
                <![CDATA["Array in Homepage"]]>
              </value>
            </param>
          </params>
          <reporter-output>
          </reporter-output>
        </test-method> <!-- runScenario -->
        <test-method signature="runScenario(io.cucumber.testng.PickleWrapper,io.cucumber.testng.FeatureWrapper)[pri:0, instance:dsalgotestrunner.TestRunner2@676cf48]" started-at="2024-04-09T10:40:19 CDT" name="runScenario" description="Runs Cucumber Scenarios" data-provider="scenarios" finished-at="2024-04-09T10:40:42 CDT" duration-ms="23699" status="PASS">
          <params>
            <param index="0">
              <value>
                <![CDATA["Basic Operations in List"]]>
              </value>
            </param>
            <param index="1">
              <value>
                <![CDATA["Array in Homepage"]]>
              </value>
            </param>
          </params>
          <reporter-output>
          </reporter-output>
        </test-method> <!-- runScenario -->
        <test-method signature="runScenario(io.cucumber.testng.PickleWrapper,io.cucumber.testng.FeatureWrapper)[pri:0, instance:dsalgotestrunner.TestRunner2@676cf48]" started-at="2024-04-09T10:40:38 CDT" name="runScenario" description="Runs Cucumber Scenarios" data-provider="scenarios" finished-at="2024-04-09T10:40:47 CDT" duration-ms="8312" status="PASS">
          <params>
            <param index="0">
              <value>
                <![CDATA["Data Structures"]]>
              </value>
            </param>
            <param index="1">
              <value>
                <![CDATA["Data Structures in Homepage"]]>
              </value>
            </param>
          </params>
          <reporter-output>
          </reporter-output>
        </test-method> <!-- runScenario -->
        <test-method signature="runScenario(io.cucumber.testng.PickleWrapper,io.cucumber.testng.FeatureWrapper)[pri:0, instance:dsalgotestrunner.TestRunner2@676cf48]" started-at="2024-04-09T10:40:39 CDT" name="runScenario" description="Runs Cucumber Scenarios" data-provider="scenarios" finished-at="2024-04-09T10:40:52 CDT" duration-ms="13447" status="PASS">
          <params>
            <param index="0">
              <value>
                <![CDATA["Time complexity"]]>
              </value>
            </param>
            <param index="1">
              <value>
                <![CDATA["Data Structures in Homepage"]]>
              </value>
            </param>
          </params>
          <reporter-output>
          </reporter-output>
        </test-method> <!-- runScenario -->
        <test-method signature="runScenario(io.cucumber.testng.PickleWrapper,io.cucumber.testng.FeatureWrapper)[pri:0, instance:dsalgotestrunner.TestRunner2@676cf48]" started-at="2024-04-09T10:40:39 CDT" name="runScenario" description="Runs Cucumber Scenarios" data-provider="scenarios" finished-at="2024-04-09T10:40:58 CDT" duration-ms="18728" status="PASS">
          <params>
            <param index="0">
              <value>
                <![CDATA["click on Get Started"]]>
              </value>
            </param>
            <param index="1">
              <value>
                <![CDATA["Graph in Homepage"]]>
              </value>
            </param>
          </params>
          <reporter-output>
          </reporter-output>
        </test-method> <!-- runScenario -->
        <test-method signature="runScenario(io.cucumber.testng.PickleWrapper,io.cucumber.testng.FeatureWrapper)[pri:0, instance:dsalgotestrunner.TestRunner2@676cf48]" started-at="2024-04-09T10:40:39 CDT" name="runScenario" description="Runs Cucumber Scenarios" data-provider="scenarios" finished-at="2024-04-09T10:40:52 CDT" duration-ms="12675" status="PASS">
          <params>
            <param index="0">
              <value>
                <![CDATA["CLick on Graph"]]>
              </value>
            </param>
            <param index="1">
              <value>
                <![CDATA["Graph in Homepage"]]>
              </value>
            </param>
          </params>
          <reporter-output>
          </reporter-output>
        </test-method> <!-- runScenario -->
        <test-method signature="runScenario(io.cucumber.testng.PickleWrapper,io.cucumber.testng.FeatureWrapper)[pri:0, instance:dsalgotestrunner.TestRunner2@676cf48]" started-at="2024-04-09T10:40:40 CDT" name="runScenario" description="Runs Cucumber Scenarios" data-provider="scenarios" finished-at="2024-04-09T10:40:56 CDT" duration-ms="16859" status="PASS">
          <params>
            <param index="0">
              <value>
                <![CDATA["click on Graph Representations"]]>
              </value>
            </param>
            <param index="1">
              <value>
                <![CDATA["Graph in Homepage"]]>
              </value>
            </param>
          </params>
          <reporter-output>
          </reporter-output>
        </test-method> <!-- runScenario -->
        <test-method signature="runScenario(io.cucumber.testng.PickleWrapper,io.cucumber.testng.FeatureWrapper)[pri:0, instance:dsalgotestrunner.TestRunner2@676cf48]" started-at="2024-04-09T10:40:42 CDT" name="runScenario" description="Runs Cucumber Scenarios" data-provider="scenarios" finished-at="2024-04-09T10:40:52 CDT" duration-ms="9379" status="PASS">
          <params>
            <param index="0">
              <value>
                <![CDATA["User enters DS Algo Portal"]]>
              </value>
            </param>
            <param index="1">
              <value>
                <![CDATA["GetStartedPage testing"]]>
              </value>
            </param>
          </params>
          <reporter-output>
          </reporter-output>
        </test-method> <!-- runScenario -->
        <test-method signature="runScenario(io.cucumber.testng.PickleWrapper,io.cucumber.testng.FeatureWrapper)[pri:0, instance:dsalgotestrunner.TestRunner2@676cf48]" started-at="2024-04-09T10:40:44 CDT" name="runScenario" description="Runs Cucumber Scenarios" data-provider="scenarios" finished-at="2024-04-09T10:40:51 CDT" duration-ms="7823" status="PASS">
          <params>
            <param index="0">
              <value>
                <![CDATA["User clicks Register button"]]>
              </value>
            </param>
            <param index="1">
              <value>
                <![CDATA["GetStartedPage testing"]]>
              </value>
            </param>
          </params>
          <reporter-output>
          </reporter-output>
        </test-method> <!-- runScenario -->
        <test-method signature="runScenario(io.cucumber.testng.PickleWrapper,io.cucumber.testng.FeatureWrapper)[pri:0, instance:dsalgotestrunner.TestRunner2@676cf48]" started-at="2024-04-09T10:40:44 CDT" name="runScenario" description="Runs Cucumber Scenarios" data-provider="scenarios" finished-at="2024-04-09T10:40:56 CDT" duration-ms="12282" status="PASS">
          <params>
            <param index="0">
              <value>
                <![CDATA["Linked List"]]>
              </value>
            </param>
            <param index="1">
              <value>
                <![CDATA["Linked List in Homepage"]]>
              </value>
            </param>
          </params>
          <reporter-output>
          </reporter-output>
        </test-method> <!-- runScenario -->
        <test-method signature="runScenario(io.cucumber.testng.PickleWrapper,io.cucumber.testng.FeatureWrapper)[pri:0, instance:dsalgotestrunner.TestRunner2@676cf48]" started-at="2024-04-09T10:40:46 CDT" name="runScenario" description="Runs Cucumber Scenarios" data-provider="scenarios" finished-at="2024-04-09T10:41:02 CDT" duration-ms="15328" status="PASS">
          <params>
            <param index="0">
              <value>
                <![CDATA["User clicks on Introduction"]]>
              </value>
            </param>
            <param index="1">
              <value>
                <![CDATA["Linked List in Homepage"]]>
              </value>
            </param>
          </params>
          <reporter-output>
          </reporter-output>
        </test-method> <!-- runScenario -->
        <test-method signature="runScenario(io.cucumber.testng.PickleWrapper,io.cucumber.testng.FeatureWrapper)[pri:0, instance:dsalgotestrunner.TestRunner2@676cf48]" started-at="2024-04-09T10:40:47 CDT" name="runScenario" description="Runs Cucumber Scenarios" data-provider="scenarios" finished-at="2024-04-09T10:41:02 CDT" duration-ms="14863" status="PASS">
          <params>
            <param index="0">
              <value>
                <![CDATA["User clicks on Create a Linked List"]]>
              </value>
            </param>
            <param index="1">
              <value>
                <![CDATA["Linked List in Homepage"]]>
              </value>
            </param>
          </params>
          <reporter-output>
          </reporter-output>
        </test-method> <!-- runScenario -->
        <test-method signature="runScenario(io.cucumber.testng.PickleWrapper,io.cucumber.testng.FeatureWrapper)[pri:0, instance:dsalgotestrunner.TestRunner2@676cf48]" started-at="2024-04-09T10:40:48 CDT" name="runScenario" description="Runs Cucumber Scenarios" data-provider="scenarios" finished-at="2024-04-09T10:41:02 CDT" duration-ms="13659" status="PASS">
          <params>
            <param index="0">
              <value>
                <![CDATA["User clicks on Types of Linked List"]]>
              </value>
            </param>
            <param index="1">
              <value>
                <![CDATA["Linked List in Homepage"]]>
              </value>
            </param>
          </params>
          <reporter-output>
          </reporter-output>
        </test-method> <!-- runScenario -->
        <test-method signature="runScenario(io.cucumber.testng.PickleWrapper,io.cucumber.testng.FeatureWrapper)[pri:0, instance:dsalgotestrunner.TestRunner2@676cf48]" started-at="2024-04-09T10:40:51 CDT" name="runScenario" description="Runs Cucumber Scenarios" data-provider="scenarios" finished-at="2024-04-09T10:41:06 CDT" duration-ms="14351" status="PASS">
          <params>
            <param index="0">
              <value>
                <![CDATA["User clicks on Implement Linked List in Python"]]>
              </value>
            </param>
            <param index="1">
              <value>
                <![CDATA["Linked List in Homepage"]]>
              </value>
            </param>
          </params>
          <reporter-output>
          </reporter-output>
        </test-method> <!-- runScenario -->
        <test-method signature="runScenario(io.cucumber.testng.PickleWrapper,io.cucumber.testng.FeatureWrapper)[pri:0, instance:dsalgotestrunner.TestRunner2@676cf48]" started-at="2024-04-09T10:40:52 CDT" name="runScenario" description="Runs Cucumber Scenarios" data-provider="scenarios" finished-at="2024-04-09T10:41:13 CDT" duration-ms="21075" status="PASS">
          <params>
            <param index="0">
              <value>
                <![CDATA["User clicks on Traversal"]]>
              </value>
            </param>
            <param index="1">
              <value>
                <![CDATA["Linked List in Homepage"]]>
              </value>
            </param>
          </params>
          <reporter-output>
          </reporter-output>
        </test-method> <!-- runScenario -->
        <test-method signature="runScenario(io.cucumber.testng.PickleWrapper,io.cucumber.testng.FeatureWrapper)[pri:0, instance:dsalgotestrunner.TestRunner2@676cf48]" started-at="2024-04-09T10:40:52 CDT" name="runScenario" description="Runs Cucumber Scenarios" data-provider="scenarios" finished-at="2024-04-09T10:41:07 CDT" duration-ms="15460" status="PASS">
          <params>
            <param index="0">
              <value>
                <![CDATA["User clicks on Insertion"]]>
              </value>
            </param>
            <param index="1">
              <value>
                <![CDATA["Linked List in Homepage"]]>
              </value>
            </param>
          </params>
          <reporter-output>
          </reporter-output>
        </test-method> <!-- runScenario -->
        <test-method signature="runScenario(io.cucumber.testng.PickleWrapper,io.cucumber.testng.FeatureWrapper)[pri:0, instance:dsalgotestrunner.TestRunner2@676cf48]" started-at="2024-04-09T10:40:52 CDT" name="runScenario" description="Runs Cucumber Scenarios" data-provider="scenarios" finished-at="2024-04-09T10:41:02 CDT" duration-ms="9769" status="PASS">
          <params>
            <param index="0">
              <value>
                <![CDATA["User clicks on Deletion"]]>
              </value>
            </param>
            <param index="1">
              <value>
                <![CDATA["Linked List in Homepage"]]>
              </value>
            </param>
          </params>
          <reporter-output>
          </reporter-output>
        </test-method> <!-- runScenario -->
        <test-method signature="runScenario(io.cucumber.testng.PickleWrapper,io.cucumber.testng.FeatureWrapper)[pri:0, instance:dsalgotestrunner.TestRunner2@676cf48]" started-at="2024-04-09T10:40:56 CDT" name="runScenario" description="Runs Cucumber Scenarios" data-provider="scenarios" finished-at="2024-04-09T10:41:07 CDT" duration-ms="10789" status="PASS">
          <params>
            <param index="0">
              <value>
                <![CDATA["Negative Scenario testing with invalid data"]]>
              </value>
            </param>
            <param index="1">
              <value>
                <![CDATA["Login Functionality Testing"]]>
              </value>
            </param>
          </params>
          <reporter-output>
          </reporter-output>
        </test-method> <!-- runScenario -->
        <test-method signature="runScenario(io.cucumber.testng.PickleWrapper,io.cucumber.testng.FeatureWrapper)[pri:0, instance:dsalgotestrunner.TestRunner2@676cf48]" started-at="2024-04-09T10:40:56 CDT" name="runScenario" description="Runs Cucumber Scenarios" data-provider="scenarios" finished-at="2024-04-09T10:41:06 CDT" duration-ms="9256" status="PASS">
          <params>
            <param index="0">
              <value>
                <![CDATA["Negative Scenario testing with invalid data"]]>
              </value>
            </param>
            <param index="1">
              <value>
                <![CDATA["Login Functionality Testing"]]>
              </value>
            </param>
          </params>
          <reporter-output>
          </reporter-output>
        </test-method> <!-- runScenario -->
        <test-method signature="runScenario(io.cucumber.testng.PickleWrapper,io.cucumber.testng.FeatureWrapper)[pri:0, instance:dsalgotestrunner.TestRunner2@676cf48]" started-at="2024-04-09T10:40:58 CDT" name="runScenario" description="Runs Cucumber Scenarios" data-provider="scenarios" finished-at="2024-04-09T10:41:04 CDT" duration-ms="6003" status="PASS">
          <params>
            <param index="0">
              <value>
                <![CDATA["Negative Scenario testing with invalid data"]]>
              </value>
            </param>
            <param index="1">
              <value>
                <![CDATA["Login Functionality Testing"]]>
              </value>
            </param>
          </params>
          <reporter-output>
          </reporter-output>
        </test-method> <!-- runScenario -->
        <test-method signature="runScenario(io.cucumber.testng.PickleWrapper,io.cucumber.testng.FeatureWrapper)[pri:0, instance:dsalgotestrunner.TestRunner2@676cf48]" started-at="2024-04-09T10:41:02 CDT" name="runScenario" description="Runs Cucumber Scenarios" data-provider="scenarios" finished-at="2024-04-09T10:41:07 CDT" duration-ms="5472" status="PASS">
          <params>
            <param index="0">
              <value>
                <![CDATA["Negative Scenario testing with invalid data"]]>
              </value>
            </param>
            <param index="1">
              <value>
                <![CDATA["Login Functionality Testing"]]>
              </value>
            </param>
          </params>
          <reporter-output>
          </reporter-output>
        </test-method> <!-- runScenario -->
        <test-method signature="runScenario(io.cucumber.testng.PickleWrapper,io.cucumber.testng.FeatureWrapper)[pri:0, instance:dsalgotestrunner.TestRunner2@676cf48]" started-at="2024-04-09T10:41:02 CDT" name="runScenario" description="Runs Cucumber Scenarios" data-provider="scenarios" finished-at="2024-04-09T10:41:13 CDT" duration-ms="10849" status="PASS">
          <params>
            <param index="0">
              <value>
                <![CDATA["Negative Scenario testing with invalid data"]]>
              </value>
            </param>
            <param index="1">
              <value>
                <![CDATA["Login Functionality Testing"]]>
              </value>
            </param>
          </params>
          <reporter-output>
          </reporter-output>
        </test-method> <!-- runScenario -->
        <test-method signature="runScenario(io.cucumber.testng.PickleWrapper,io.cucumber.testng.FeatureWrapper)[pri:0, instance:dsalgotestrunner.TestRunner2@676cf48]" started-at="2024-04-09T10:41:02 CDT" name="runScenario" description="Runs Cucumber Scenarios" data-provider="scenarios" finished-at="2024-04-09T10:41:14 CDT" duration-ms="12667" status="PASS">
          <params>
            <param index="0">
              <value>
                <![CDATA["Positive Scenario testing with valid inputs"]]>
              </value>
            </param>
            <param index="1">
              <value>
                <![CDATA["Login Functionality Testing"]]>
              </value>
            </param>
          </params>
          <reporter-output>
          </reporter-output>
        </test-method> <!-- runScenario -->
        <test-method signature="runScenario(io.cucumber.testng.PickleWrapper,io.cucumber.testng.FeatureWrapper)[pri:0, instance:dsalgotestrunner.TestRunner2@676cf48]" started-at="2024-04-09T10:41:02 CDT" name="runScenario" description="Runs Cucumber Scenarios" data-provider="scenarios" finished-at="2024-04-09T10:41:09 CDT" duration-ms="7407" status="PASS">
          <params>
            <param index="0">
              <value>
                <![CDATA["Click on Getstarted"]]>
              </value>
            </param>
            <param index="1">
              <value>
                <![CDATA["Queue in Homepage"]]>
              </value>
            </param>
          </params>
          <reporter-output>
          </reporter-output>
        </test-method> <!-- runScenario -->
        <test-method signature="runScenario(io.cucumber.testng.PickleWrapper,io.cucumber.testng.FeatureWrapper)[pri:0, instance:dsalgotestrunner.TestRunner2@676cf48]" started-at="2024-04-09T10:41:04 CDT" name="runScenario" description="Runs Cucumber Scenarios" data-provider="scenarios" finished-at="2024-04-09T10:41:26 CDT" duration-ms="22622" status="PASS">
          <params>
            <param index="0">
              <value>
                <![CDATA["Click on Implementation of Queue in Python"]]>
              </value>
            </param>
            <param index="1">
              <value>
                <![CDATA["Queue in Homepage"]]>
              </value>
            </param>
          </params>
          <reporter-output>
          </reporter-output>
        </test-method> <!-- runScenario -->
        <test-method signature="runScenario(io.cucumber.testng.PickleWrapper,io.cucumber.testng.FeatureWrapper)[pri:0, instance:dsalgotestrunner.TestRunner2@676cf48]" started-at="2024-04-09T10:41:06 CDT" name="runScenario" description="Runs Cucumber Scenarios" data-provider="scenarios" finished-at="2024-04-09T10:41:20 CDT" duration-ms="13802" status="PASS">
          <params>
            <param index="0">
              <value>
                <![CDATA["click on Implementation using collections dequeue"]]>
              </value>
            </param>
            <param index="1">
              <value>
                <![CDATA["Queue in Homepage"]]>
              </value>
            </param>
          </params>
          <reporter-output>
          </reporter-output>
        </test-method> <!-- runScenario -->
        <test-method signature="runScenario(io.cucumber.testng.PickleWrapper,io.cucumber.testng.FeatureWrapper)[pri:0, instance:dsalgotestrunner.TestRunner2@676cf48]" started-at="2024-04-09T10:41:06 CDT" name="runScenario" description="Runs Cucumber Scenarios" data-provider="scenarios" finished-at="2024-04-09T10:41:15 CDT" duration-ms="8746" status="PASS">
          <params>
            <param index="0">
              <value>
                <![CDATA["click on Implementation using array"]]>
              </value>
            </param>
            <param index="1">
              <value>
                <![CDATA["Queue in Homepage"]]>
              </value>
            </param>
          </params>
          <reporter-output>
          </reporter-output>
        </test-method> <!-- runScenario -->
        <test-method signature="runScenario(io.cucumber.testng.PickleWrapper,io.cucumber.testng.FeatureWrapper)[pri:0, instance:dsalgotestrunner.TestRunner2@676cf48]" started-at="2024-04-09T10:41:07 CDT" name="runScenario" description="Runs Cucumber Scenarios" data-provider="scenarios" finished-at="2024-04-09T10:41:18 CDT" duration-ms="10640" status="PASS">
          <params>
            <param index="0">
              <value>
                <![CDATA["click on Queue Operations"]]>
              </value>
            </param>
            <param index="1">
              <value>
                <![CDATA["Queue in Homepage"]]>
              </value>
            </param>
          </params>
          <reporter-output>
          </reporter-output>
        </test-method> <!-- runScenario -->
        <test-method signature="runScenario(io.cucumber.testng.PickleWrapper,io.cucumber.testng.FeatureWrapper)[pri:0, instance:dsalgotestrunner.TestRunner2@676cf48]" started-at="2024-04-09T10:41:07 CDT" name="runScenario" description="Runs Cucumber Scenarios" data-provider="scenarios" finished-at="2024-04-09T10:41:14 CDT" duration-ms="7413" status="PASS">
          <params>
            <param index="0">
              <value>
                <![CDATA["Entering null values in Username and Password"]]>
              </value>
            </param>
            <param index="1">
              <value>
                <![CDATA["Registration Page"]]>
              </value>
            </param>
          </params>
          <reporter-output>
          </reporter-output>
        </test-method> <!-- runScenario -->
        <test-method signature="runScenario(io.cucumber.testng.PickleWrapper,io.cucumber.testng.FeatureWrapper)[pri:0, instance:dsalgotestrunner.TestRunner2@676cf48]" started-at="2024-04-09T10:41:07 CDT" name="runScenario" description="Runs Cucumber Scenarios" data-provider="scenarios" finished-at="2024-04-09T10:41:12 CDT" duration-ms="5301" status="PASS">
          <params>
            <param index="0">
              <value>
                <![CDATA["Entering null values in Username and Password"]]>
              </value>
            </param>
            <param index="1">
              <value>
                <![CDATA["Registration Page"]]>
              </value>
            </param>
          </params>
          <reporter-output>
          </reporter-output>
        </test-method> <!-- runScenario -->
        <test-method signature="runScenario(io.cucumber.testng.PickleWrapper,io.cucumber.testng.FeatureWrapper)[pri:0, instance:dsalgotestrunner.TestRunner2@676cf48]" started-at="2024-04-09T10:41:09 CDT" name="runScenario" description="Runs Cucumber Scenarios" data-provider="scenarios" finished-at="2024-04-09T10:41:18 CDT" duration-ms="8396" status="PASS">
          <params>
            <param index="0">
              <value>
                <![CDATA["Entering null values in Username and Password"]]>
              </value>
            </param>
            <param index="1">
              <value>
                <![CDATA["Registration Page"]]>
              </value>
            </param>
          </params>
          <reporter-output>
          </reporter-output>
        </test-method> <!-- runScenario -->
        <test-method signature="runScenario(io.cucumber.testng.PickleWrapper,io.cucumber.testng.FeatureWrapper)[pri:0, instance:dsalgotestrunner.TestRunner2@676cf48]" started-at="2024-04-09T10:41:13 CDT" name="runScenario" description="Runs Cucumber Scenarios" data-provider="scenarios" finished-at="2024-04-09T10:41:19 CDT" duration-ms="6719" status="PASS">
          <params>
            <param index="0">
              <value>
                <![CDATA["Entering null values in Username and Password"]]>
              </value>
            </param>
            <param index="1">
              <value>
                <![CDATA["Registration Page"]]>
              </value>
            </param>
          </params>
          <reporter-output>
          </reporter-output>
        </test-method> <!-- runScenario -->
        <test-method signature="runScenario(io.cucumber.testng.PickleWrapper,io.cucumber.testng.FeatureWrapper)[pri:0, instance:dsalgotestrunner.TestRunner2@676cf48]" started-at="2024-04-09T10:41:13 CDT" name="runScenario" description="Runs Cucumber Scenarios" data-provider="scenarios" finished-at="2024-04-09T10:41:34 CDT" duration-ms="21779" status="PASS">
          <params>
            <param index="0">
              <value>
                <![CDATA["Entering null values in Username and Password"]]>
              </value>
            </param>
            <param index="1">
              <value>
                <![CDATA["Registration Page"]]>
              </value>
            </param>
          </params>
          <reporter-output>
          </reporter-output>
        </test-method> <!-- runScenario -->
        <test-method signature="runScenario(io.cucumber.testng.PickleWrapper,io.cucumber.testng.FeatureWrapper)[pri:0, instance:dsalgotestrunner.TestRunner2@676cf48]" started-at="2024-04-09T10:41:13 CDT" name="runScenario" description="Runs Cucumber Scenarios" data-provider="scenarios" finished-at="2024-04-09T10:41:24 CDT" duration-ms="11596" status="PASS">
          <params>
            <param index="0">
              <value>
                <![CDATA["Entering null values in Username and Password"]]>
              </value>
            </param>
            <param index="1">
              <value>
                <![CDATA["Registration Page"]]>
              </value>
            </param>
          </params>
          <reporter-output>
          </reporter-output>
        </test-method> <!-- runScenario -->
        <test-method signature="runScenario(io.cucumber.testng.PickleWrapper,io.cucumber.testng.FeatureWrapper)[pri:0, instance:dsalgotestrunner.TestRunner2@676cf48]" started-at="2024-04-09T10:41:14 CDT" name="runScenario" description="Runs Cucumber Scenarios" data-provider="scenarios" finished-at="2024-04-09T10:41:20 CDT" duration-ms="5106" status="PASS">
          <params>
            <param index="0">
              <value>
                <![CDATA["User enters correct username and correct password"]]>
              </value>
            </param>
            <param index="1">
              <value>
                <![CDATA["Registration Page"]]>
              </value>
            </param>
          </params>
          <reporter-output>
          </reporter-output>
        </test-method> <!-- runScenario -->
        <test-method signature="runScenario(io.cucumber.testng.PickleWrapper,io.cucumber.testng.FeatureWrapper)[pri:0, instance:dsalgotestrunner.TestRunner2@676cf48]" started-at="2024-04-09T10:41:14 CDT" name="runScenario" description="Runs Cucumber Scenarios" data-provider="scenarios" finished-at="2024-04-09T10:41:19 CDT" duration-ms="4732" status="PASS">
          <params>
            <param index="0">
              <value>
                <![CDATA["Stack"]]>
              </value>
            </param>
            <param index="1">
              <value>
                <![CDATA["Stack in Homepage"]]>
              </value>
            </param>
          </params>
          <reporter-output>
          </reporter-output>
        </test-method> <!-- runScenario -->
        <test-method signature="runScenario(io.cucumber.testng.PickleWrapper,io.cucumber.testng.FeatureWrapper)[pri:0, instance:dsalgotestrunner.TestRunner2@676cf48]" started-at="2024-04-09T10:41:15 CDT" name="runScenario" description="Runs Cucumber Scenarios" data-provider="scenarios" finished-at="2024-04-09T10:41:26 CDT" duration-ms="11630" status="PASS">
          <params>
            <param index="0">
              <value>
                <![CDATA["User clicks on Operations in Stack"]]>
              </value>
            </param>
            <param index="1">
              <value>
                <![CDATA["Stack in Homepage"]]>
              </value>
            </param>
          </params>
          <reporter-output>
          </reporter-output>
        </test-method> <!-- runScenario -->
        <test-method signature="runScenario(io.cucumber.testng.PickleWrapper,io.cucumber.testng.FeatureWrapper)[pri:0, instance:dsalgotestrunner.TestRunner2@676cf48]" started-at="2024-04-09T10:41:18 CDT" name="runScenario" description="Runs Cucumber Scenarios" data-provider="scenarios" finished-at="2024-04-09T10:41:31 CDT" duration-ms="13803" status="PASS">
          <params>
            <param index="0">
              <value>
                <![CDATA["User clicks on Implementation"]]>
              </value>
            </param>
            <param index="1">
              <value>
                <![CDATA["Stack in Homepage"]]>
              </value>
            </param>
          </params>
          <reporter-output>
          </reporter-output>
        </test-method> <!-- runScenario -->
        <test-method signature="runScenario(io.cucumber.testng.PickleWrapper,io.cucumber.testng.FeatureWrapper)[pri:0, instance:dsalgotestrunner.TestRunner2@676cf48]" started-at="2024-04-09T10:41:18 CDT" name="runScenario" description="Runs Cucumber Scenarios" data-provider="scenarios" finished-at="2024-04-09T10:41:29 CDT" duration-ms="11148" status="PASS">
          <params>
            <param index="0">
              <value>
                <![CDATA["User clicks on Applications"]]>
              </value>
            </param>
            <param index="1">
              <value>
                <![CDATA["Stack in Homepage"]]>
              </value>
            </param>
          </params>
          <reporter-output>
          </reporter-output>
        </test-method> <!-- runScenario -->
        <test-method signature="runScenario(io.cucumber.testng.PickleWrapper,io.cucumber.testng.FeatureWrapper)[pri:0, instance:dsalgotestrunner.TestRunner2@676cf48]" started-at="2024-04-09T10:41:19 CDT" name="runScenario" description="Runs Cucumber Scenarios" data-provider="scenarios" finished-at="2024-04-09T10:41:28 CDT" duration-ms="9191" status="PASS">
          <params>
            <param index="0">
              <value>
                <![CDATA["Click on Get started"]]>
              </value>
            </param>
            <param index="1">
              <value>
                <![CDATA["Tree in Homepage"]]>
              </value>
            </param>
          </params>
          <reporter-output>
          </reporter-output>
        </test-method> <!-- runScenario -->
        <test-method signature="runScenario(io.cucumber.testng.PickleWrapper,io.cucumber.testng.FeatureWrapper)[pri:0, instance:dsalgotestrunner.TestRunner2@676cf48]" started-at="2024-04-09T10:41:19 CDT" name="runScenario" description="Runs Cucumber Scenarios" data-provider="scenarios" finished-at="2024-04-09T10:41:35 CDT" duration-ms="15374" status="PASS">
          <params>
            <param index="0">
              <value>
                <![CDATA["Click on Overview of Trees"]]>
              </value>
            </param>
            <param index="1">
              <value>
                <![CDATA["Tree in Homepage"]]>
              </value>
            </param>
          </params>
          <reporter-output>
          </reporter-output>
        </test-method> <!-- runScenario -->
        <test-method signature="runScenario(io.cucumber.testng.PickleWrapper,io.cucumber.testng.FeatureWrapper)[pri:0, instance:dsalgotestrunner.TestRunner2@676cf48]" started-at="2024-04-09T10:41:20 CDT" name="runScenario" description="Runs Cucumber Scenarios" data-provider="scenarios" finished-at="2024-04-09T10:41:32 CDT" duration-ms="12248" status="PASS">
          <params>
            <param index="0">
              <value>
                <![CDATA["Click on Terminologies"]]>
              </value>
            </param>
            <param index="1">
              <value>
                <![CDATA["Tree in Homepage"]]>
              </value>
            </param>
          </params>
          <reporter-output>
          </reporter-output>
        </test-method> <!-- runScenario -->
        <test-method signature="runScenario(io.cucumber.testng.PickleWrapper,io.cucumber.testng.FeatureWrapper)[pri:0, instance:dsalgotestrunner.TestRunner2@676cf48]" started-at="2024-04-09T10:41:20 CDT" name="runScenario" description="Runs Cucumber Scenarios" data-provider="scenarios" finished-at="2024-04-09T10:41:34 CDT" duration-ms="14364" status="PASS">
          <params>
            <param index="0">
              <value>
                <![CDATA["Click on Types of Trees"]]>
              </value>
            </param>
            <param index="1">
              <value>
                <![CDATA["Tree in Homepage"]]>
              </value>
            </param>
          </params>
          <reporter-output>
          </reporter-output>
        </test-method> <!-- runScenario -->
        <test-method signature="runScenario(io.cucumber.testng.PickleWrapper,io.cucumber.testng.FeatureWrapper)[pri:0, instance:dsalgotestrunner.TestRunner2@676cf48]" started-at="2024-04-09T10:41:24 CDT" name="runScenario" description="Runs Cucumber Scenarios" data-provider="scenarios" finished-at="2024-04-09T10:41:36 CDT" duration-ms="11925" status="PASS">
          <params>
            <param index="0">
              <value>
                <![CDATA["Click on Tree Traversals"]]>
              </value>
            </param>
            <param index="1">
              <value>
                <![CDATA["Tree in Homepage"]]>
              </value>
            </param>
          </params>
          <reporter-output>
          </reporter-output>
        </test-method> <!-- runScenario -->
        <test-method signature="runScenario(io.cucumber.testng.PickleWrapper,io.cucumber.testng.FeatureWrapper)[pri:0, instance:dsalgotestrunner.TestRunner2@676cf48]" started-at="2024-04-09T10:41:26 CDT" name="runScenario" description="Runs Cucumber Scenarios" data-provider="scenarios" finished-at="2024-04-09T10:41:35 CDT" duration-ms="8788" status="PASS">
          <params>
            <param index="0">
              <value>
                <![CDATA["Click on Traversal Illustration"]]>
              </value>
            </param>
            <param index="1">
              <value>
                <![CDATA["Tree in Homepage"]]>
              </value>
            </param>
          </params>
          <reporter-output>
          </reporter-output>
        </test-method> <!-- runScenario -->
        <test-method signature="runScenario(io.cucumber.testng.PickleWrapper,io.cucumber.testng.FeatureWrapper)[pri:0, instance:dsalgotestrunner.TestRunner2@676cf48]" started-at="2024-04-09T10:41:26 CDT" name="runScenario" description="Runs Cucumber Scenarios" data-provider="scenarios" finished-at="2024-04-09T10:41:38 CDT" duration-ms="11350" status="PASS">
          <params>
            <param index="0">
              <value>
                <![CDATA["Click on Binary Trees"]]>
              </value>
            </param>
            <param index="1">
              <value>
                <![CDATA["Tree in Homepage"]]>
              </value>
            </param>
          </params>
          <reporter-output>
          </reporter-output>
        </test-method> <!-- runScenario -->
        <test-method signature="runScenario(io.cucumber.testng.PickleWrapper,io.cucumber.testng.FeatureWrapper)[pri:0, instance:dsalgotestrunner.TestRunner2@676cf48]" started-at="2024-04-09T10:41:28 CDT" name="runScenario" description="Runs Cucumber Scenarios" data-provider="scenarios" finished-at="2024-04-09T10:41:37 CDT" duration-ms="8718" status="PASS">
          <params>
            <param index="0">
              <value>
                <![CDATA["Click on Types of Binary Trees"]]>
              </value>
            </param>
            <param index="1">
              <value>
                <![CDATA["Tree in Homepage"]]>
              </value>
            </param>
          </params>
          <reporter-output>
          </reporter-output>
        </test-method> <!-- runScenario -->
        <test-method signature="runScenario(io.cucumber.testng.PickleWrapper,io.cucumber.testng.FeatureWrapper)[pri:0, instance:dsalgotestrunner.TestRunner2@676cf48]" started-at="2024-04-09T10:41:29 CDT" name="runScenario" description="Runs Cucumber Scenarios" data-provider="scenarios" finished-at="2024-04-09T10:41:38 CDT" duration-ms="9089" status="PASS">
          <params>
            <param index="0">
              <value>
                <![CDATA["Click on Implementation in Python"]]>
              </value>
            </param>
            <param index="1">
              <value>
                <![CDATA["Tree in Homepage"]]>
              </value>
            </param>
          </params>
          <reporter-output>
          </reporter-output>
        </test-method> <!-- runScenario -->
        <test-method signature="runScenario(io.cucumber.testng.PickleWrapper,io.cucumber.testng.FeatureWrapper)[pri:0, instance:dsalgotestrunner.TestRunner2@676cf48]" started-at="2024-04-09T10:41:31 CDT" name="runScenario" description="Runs Cucumber Scenarios" data-provider="scenarios" finished-at="2024-04-09T10:41:39 CDT" duration-ms="7764" status="PASS">
          <params>
            <param index="0">
              <value>
                <![CDATA["Click on Binary Tree traversals"]]>
              </value>
            </param>
            <param index="1">
              <value>
                <![CDATA["Tree in Homepage"]]>
              </value>
            </param>
          </params>
          <reporter-output>
          </reporter-output>
        </test-method> <!-- runScenario -->
        <test-method signature="runScenario(io.cucumber.testng.PickleWrapper,io.cucumber.testng.FeatureWrapper)[pri:0, instance:dsalgotestrunner.TestRunner2@676cf48]" started-at="2024-04-09T10:41:32 CDT" name="runScenario" description="Runs Cucumber Scenarios" data-provider="scenarios" finished-at="2024-04-09T10:41:39 CDT" duration-ms="7714" status="PASS">
          <params>
            <param index="0">
              <value>
                <![CDATA["Click on Implementation of Binary Trees"]]>
              </value>
            </param>
            <param index="1">
              <value>
                <![CDATA["Tree in Homepage"]]>
              </value>
            </param>
          </params>
          <reporter-output>
          </reporter-output>
        </test-method> <!-- runScenario -->
        <test-method signature="runScenario(io.cucumber.testng.PickleWrapper,io.cucumber.testng.FeatureWrapper)[pri:0, instance:dsalgotestrunner.TestRunner2@676cf48]" started-at="2024-04-09T10:41:34 CDT" name="runScenario" description="Runs Cucumber Scenarios" data-provider="scenarios" finished-at="2024-04-09T10:41:40 CDT" duration-ms="6442" status="PASS">
          <params>
            <param index="0">
              <value>
                <![CDATA["Click on Binary Search Trees"]]>
              </value>
            </param>
            <param index="1">
              <value>
                <![CDATA["Tree in Homepage"]]>
              </value>
            </param>
          </params>
          <reporter-output>
          </reporter-output>
        </test-method> <!-- runScenario -->
        <test-method signature="runScenario(io.cucumber.testng.PickleWrapper,io.cucumber.testng.FeatureWrapper)[pri:0, instance:dsalgotestrunner.TestRunner2@676cf48]" started-at="2024-04-09T10:41:34 CDT" name="runScenario" description="Runs Cucumber Scenarios" data-provider="scenarios" finished-at="2024-04-09T10:41:40 CDT" duration-ms="6074" status="PASS">
          <params>
            <param index="0">
              <value>
                <![CDATA["Click on Implementation of BST"]]>
              </value>
            </param>
            <param index="1">
              <value>
                <![CDATA["Tree in Homepage"]]>
              </value>
            </param>
          </params>
          <reporter-output>
          </reporter-output>
        </test-method> <!-- runScenario -->
        <test-method is-config="true" signature="tearDownClass()[pri:0, instance:dsalgotestrunner.TestRunner2@676cf48]" started-at="2024-04-09T10:41:40 CDT" name="tearDownClass" finished-at="2024-04-09T10:41:44 CDT" duration-ms="3138" status="PASS">
          <reporter-output>
          </reporter-output>
        </test-method> <!-- tearDownClass -->
      </class> <!-- dsalgotestrunner.TestRunner2 -->
    </test> <!-- FirefoxTest -->
  </suite> <!-- dsalgoSuite -->
</testng-results>
