<?xml version="1.0" encoding="UTF-8"?>
<testng-results ignored="0" total="60" passed="60" failed="0" skipped="0">
  <reporter-output>
  </reporter-output>
  <suite started-at="2024-04-10T13:23:29 CDT" name="dsalgoSuite" finished-at="2024-04-10T13:25:17 CDT" duration-ms="108013">
    <groups>
      <group name="cucumber">
        <method signature="AbstractTestNGCucumberTests.runScenario(io.cucumber.testng.PickleWrapper,io.cucumber.testng.FeatureWrapper)[pri:0, instance:dsalgotestrunner.TestRunner2@676cf48]" name="runScenario" class="io.cucumber.testng.AbstractTestNGCucumberTests"/>
      </group> <!-- cucumber -->
    </groups>
    <test started-at="2024-04-10T13:23:29 CDT" name="FirefoxTest" finished-at="2024-04-10T13:25:17 CDT" duration-ms="108013">
      <class name="dsalgotestrunner.TestRunner2">
        <test-method is-config="true" signature="defineBrowser(java.lang.String)[pri:0, instance:dsalgotestrunner.TestRunner2@676cf48]" started-at="2024-04-10T13:23:29 CDT" name="defineBrowser" finished-at="2024-04-10T13:23:29 CDT" duration-ms="16" status="PASS">
          <params>
            <param index="0">
              <value>
                <![CDATA[${browser}]]>
              </value>
            </param>
          </params>
          <reporter-output>
          </reporter-output>
        </test-method> <!-- defineBrowser -->
        <test-method is-config="true" signature="setUpClass(org.testng.ITestContext)[pri:0, instance:dsalgotestrunner.TestRunner2@676cf48]" started-at="2024-04-10T13:23:29 CDT" name="setUpClass" finished-at="2024-04-10T13:23:30 CDT" duration-ms="807" status="PASS">
          <params>
            <param index="0">
              <value>
                <![CDATA[org.testng.TestRunner@6b3e12b5]]>
              </value>
            </param>
          </params>
          <reporter-output>
          </reporter-output>
        </test-method> <!-- setUpClass -->
        <test-method signature="runScenario(io.cucumber.testng.PickleWrapper,io.cucumber.testng.FeatureWrapper)[pri:0, instance:dsalgotestrunner.TestRunner2@676cf48]" started-at="2024-04-10T13:23:30 CDT" name="runScenario" description="Runs Cucumber Scenarios" data-provider="scenarios" finished-at="2024-04-10T13:23:53 CDT" duration-ms="23803" status="PASS">
          <params>
            <param index="0">
              <value>
                <![CDATA["Find the numbers with even number of digits"]]>
              </value>
            </param>
            <param index="1">
              <value>
                <![CDATA["Array in Homepage"]]>
              </value>
            </param>
          </params>
          <reporter-output>
          </reporter-output>
        </test-method> <!-- runScenario -->
        <test-method signature="runScenario(io.cucumber.testng.PickleWrapper,io.cucumber.testng.FeatureWrapper)[pri:0, instance:dsalgotestrunner.TestRunner2@676cf48]" started-at="2024-04-10T13:23:30 CDT" name="runScenario" description="Runs Cucumber Scenarios" data-provider="scenarios" finished-at="2024-04-10T13:23:54 CDT" duration-ms="24014" status="PASS">
          <params>
            <param index="0">
              <value>
                <![CDATA["Applications of Array"]]>
              </value>
            </param>
            <param index="1">
              <value>
                <![CDATA["Array in Homepage"]]>
              </value>
            </param>
          </params>
          <reporter-output>
          </reporter-output>
        </test-method> <!-- runScenario -->
        <test-method signature="runScenario(io.cucumber.testng.PickleWrapper,io.cucumber.testng.FeatureWrapper)[pri:0, instance:dsalgotestrunner.TestRunner2@676cf48]" started-at="2024-04-10T13:23:30 CDT" name="runScenario" description="Runs Cucumber Scenarios" data-provider="scenarios" finished-at="2024-04-10T13:23:53 CDT" duration-ms="23227" status="PASS">
          <params>
            <param index="0">
              <value>
                <![CDATA["Squares of sorted array"]]>
              </value>
            </param>
            <param index="1">
              <value>
                <![CDATA["Array in Homepage"]]>
              </value>
            </param>
          </params>
          <reporter-output>
          </reporter-output>
        </test-method> <!-- runScenario -->
        <test-method signature="runScenario(io.cucumber.testng.PickleWrapper,io.cucumber.testng.FeatureWrapper)[pri:0, instance:dsalgotestrunner.TestRunner2@676cf48]" started-at="2024-04-10T13:23:30 CDT" name="runScenario" description="Runs Cucumber Scenarios" data-provider="scenarios" finished-at="2024-04-10T13:23:53 CDT" duration-ms="23222" status="PASS">
          <params>
            <param index="0">
              <value>
                <![CDATA["Arrays in Python"]]>
              </value>
            </param>
            <param index="1">
              <value>
                <![CDATA["Array in Homepage"]]>
              </value>
            </param>
          </params>
          <reporter-output>
          </reporter-output>
        </test-method> <!-- runScenario -->
        <test-method signature="runScenario(io.cucumber.testng.PickleWrapper,io.cucumber.testng.FeatureWrapper)[pri:0, instance:dsalgotestrunner.TestRunner2@676cf48]" started-at="2024-04-10T13:23:30 CDT" name="runScenario" description="Runs Cucumber Scenarios" data-provider="scenarios" finished-at="2024-04-10T13:23:53 CDT" duration-ms="23812" status="PASS">
          <params>
            <param index="0">
              <value>
                <![CDATA["Arrays"]]>
              </value>
            </param>
            <param index="1">
              <value>
                <![CDATA["Array in Homepage"]]>
              </value>
            </param>
          </params>
          <reporter-output>
          </reporter-output>
        </test-method> <!-- runScenario -->
        <test-method signature="runScenario(io.cucumber.testng.PickleWrapper,io.cucumber.testng.FeatureWrapper)[pri:0, instance:dsalgotestrunner.TestRunner2@676cf48]" started-at="2024-04-10T13:23:30 CDT" name="runScenario" description="Runs Cucumber Scenarios" data-provider="scenarios" finished-at="2024-04-10T13:23:55 CDT" duration-ms="25380" status="PASS">
          <params>
            <param index="0">
              <value>
                <![CDATA["Max consecutive ones"]]>
              </value>
            </param>
            <param index="1">
              <value>
                <![CDATA["Array in Homepage"]]>
              </value>
            </param>
          </params>
          <reporter-output>
          </reporter-output>
        </test-method> <!-- runScenario -->
        <test-method signature="runScenario(io.cucumber.testng.PickleWrapper,io.cucumber.testng.FeatureWrapper)[pri:0, instance:dsalgotestrunner.TestRunner2@676cf48]" started-at="2024-04-10T13:23:30 CDT" name="runScenario" description="Runs Cucumber Scenarios" data-provider="scenarios" finished-at="2024-04-10T13:23:54 CDT" duration-ms="24710" status="PASS">
          <params>
            <param index="0">
              <value>
                <![CDATA["Search the array"]]>
              </value>
            </param>
            <param index="1">
              <value>
                <![CDATA["Array in Homepage"]]>
              </value>
            </param>
          </params>
          <reporter-output>
          </reporter-output>
        </test-method> <!-- runScenario -->
        <test-method signature="runScenario(io.cucumber.testng.PickleWrapper,io.cucumber.testng.FeatureWrapper)[pri:0, instance:dsalgotestrunner.TestRunner2@676cf48]" started-at="2024-04-10T13:23:30 CDT" name="runScenario" description="Runs Cucumber Scenarios" data-provider="scenarios" finished-at="2024-04-10T13:23:52 CDT" duration-ms="22773" status="PASS">
          <params>
            <param index="0">
              <value>
                <![CDATA["Practice Questions"]]>
              </value>
            </param>
            <param index="1">
              <value>
                <![CDATA["Array in Homepage"]]>
              </value>
            </param>
          </params>
          <reporter-output>
          </reporter-output>
        </test-method> <!-- runScenario -->
        <test-method signature="runScenario(io.cucumber.testng.PickleWrapper,io.cucumber.testng.FeatureWrapper)[pri:0, instance:dsalgotestrunner.TestRunner2@676cf48]" started-at="2024-04-10T13:23:30 CDT" name="runScenario" description="Runs Cucumber Scenarios" data-provider="scenarios" finished-at="2024-04-10T13:23:53 CDT" duration-ms="23799" status="PASS">
          <params>
            <param index="0">
              <value>
                <![CDATA["Arrays using List"]]>
              </value>
            </param>
            <param index="1">
              <value>
                <![CDATA["Array in Homepage"]]>
              </value>
            </param>
          </params>
          <reporter-output>
          </reporter-output>
        </test-method> <!-- runScenario -->
        <test-method signature="runScenario(io.cucumber.testng.PickleWrapper,io.cucumber.testng.FeatureWrapper)[pri:0, instance:dsalgotestrunner.TestRunner2@676cf48]" started-at="2024-04-10T13:23:30 CDT" name="runScenario" description="Runs Cucumber Scenarios" data-provider="scenarios" finished-at="2024-04-10T13:23:54 CDT" duration-ms="24891" status="PASS">
          <params>
            <param index="0">
              <value>
                <![CDATA["Basic Operations in List"]]>
              </value>
            </param>
            <param index="1">
              <value>
                <![CDATA["Array in Homepage"]]>
              </value>
            </param>
          </params>
          <reporter-output>
          </reporter-output>
        </test-method> <!-- runScenario -->
        <test-method signature="runScenario(io.cucumber.testng.PickleWrapper,io.cucumber.testng.FeatureWrapper)[pri:0, instance:dsalgotestrunner.TestRunner2@676cf48]" started-at="2024-04-10T13:23:52 CDT" name="runScenario" description="Runs Cucumber Scenarios" data-provider="scenarios" finished-at="2024-04-10T13:24:08 CDT" duration-ms="15610" status="PASS">
          <params>
            <param index="0">
              <value>
                <![CDATA["Data Structures"]]>
              </value>
            </param>
            <param index="1">
              <value>
                <![CDATA["Data Structures in Homepage"]]>
              </value>
            </param>
          </params>
          <reporter-output>
          </reporter-output>
        </test-method> <!-- runScenario -->
        <test-method signature="runScenario(io.cucumber.testng.PickleWrapper,io.cucumber.testng.FeatureWrapper)[pri:0, instance:dsalgotestrunner.TestRunner2@676cf48]" started-at="2024-04-10T13:23:53 CDT" name="runScenario" description="Runs Cucumber Scenarios" data-provider="scenarios" finished-at="2024-04-10T13:24:12 CDT" duration-ms="19155" status="PASS">
          <params>
            <param index="0">
              <value>
                <![CDATA["Time complexity"]]>
              </value>
            </param>
            <param index="1">
              <value>
                <![CDATA["Data Structures in Homepage"]]>
              </value>
            </param>
          </params>
          <reporter-output>
          </reporter-output>
        </test-method> <!-- runScenario -->
        <test-method signature="runScenario(io.cucumber.testng.PickleWrapper,io.cucumber.testng.FeatureWrapper)[pri:0, instance:dsalgotestrunner.TestRunner2@676cf48]" started-at="2024-04-10T13:23:53 CDT" name="runScenario" description="Runs Cucumber Scenarios" data-provider="scenarios" finished-at="2024-04-10T13:24:12 CDT" duration-ms="19028" status="PASS">
          <params>
            <param index="0">
              <value>
                <![CDATA["click on Get Started"]]>
              </value>
            </param>
            <param index="1">
              <value>
                <![CDATA["Graph in Homepage"]]>
              </value>
            </param>
          </params>
          <reporter-output>
          </reporter-output>
        </test-method> <!-- runScenario -->
        <test-method signature="runScenario(io.cucumber.testng.PickleWrapper,io.cucumber.testng.FeatureWrapper)[pri:0, instance:dsalgotestrunner.TestRunner2@676cf48]" started-at="2024-04-10T13:23:53 CDT" name="runScenario" description="Runs Cucumber Scenarios" data-provider="scenarios" finished-at="2024-04-10T13:24:14 CDT" duration-ms="20792" status="PASS">
          <params>
            <param index="0">
              <value>
                <![CDATA["CLick on Graph"]]>
              </value>
            </param>
            <param index="1">
              <value>
                <![CDATA["Graph in Homepage"]]>
              </value>
            </param>
          </params>
          <reporter-output>
          </reporter-output>
        </test-method> <!-- runScenario -->
        <test-method signature="runScenario(io.cucumber.testng.PickleWrapper,io.cucumber.testng.FeatureWrapper)[pri:0, instance:dsalgotestrunner.TestRunner2@676cf48]" started-at="2024-04-10T13:23:53 CDT" name="runScenario" description="Runs Cucumber Scenarios" data-provider="scenarios" finished-at="2024-04-10T13:24:14 CDT" duration-ms="20782" status="PASS">
          <params>
            <param index="0">
              <value>
                <![CDATA["click on Graph Representations"]]>
              </value>
            </param>
            <param index="1">
              <value>
                <![CDATA["Graph in Homepage"]]>
              </value>
            </param>
          </params>
          <reporter-output>
          </reporter-output>
        </test-method> <!-- runScenario -->
        <test-method signature="runScenario(io.cucumber.testng.PickleWrapper,io.cucumber.testng.FeatureWrapper)[pri:0, instance:dsalgotestrunner.TestRunner2@676cf48]" started-at="2024-04-10T13:23:53 CDT" name="runScenario" description="Runs Cucumber Scenarios" data-provider="scenarios" finished-at="2024-04-10T13:24:11 CDT" duration-ms="17733" status="PASS">
          <params>
            <param index="0">
              <value>
                <![CDATA["User enters DS Algo Portal"]]>
              </value>
            </param>
            <param index="1">
              <value>
                <![CDATA["GetStartedPage testing"]]>
              </value>
            </param>
          </params>
          <reporter-output>
          </reporter-output>
        </test-method> <!-- runScenario -->
        <test-method signature="runScenario(io.cucumber.testng.PickleWrapper,io.cucumber.testng.FeatureWrapper)[pri:0, instance:dsalgotestrunner.TestRunner2@676cf48]" started-at="2024-04-10T13:23:54 CDT" name="runScenario" description="Runs Cucumber Scenarios" data-provider="scenarios" finished-at="2024-04-10T13:24:12 CDT" duration-ms="18130" status="PASS">
          <params>
            <param index="0">
              <value>
                <![CDATA["User clicks Register button"]]>
              </value>
            </param>
            <param index="1">
              <value>
                <![CDATA["GetStartedPage testing"]]>
              </value>
            </param>
          </params>
          <reporter-output>
          </reporter-output>
        </test-method> <!-- runScenario -->
        <test-method signature="runScenario(io.cucumber.testng.PickleWrapper,io.cucumber.testng.FeatureWrapper)[pri:0, instance:dsalgotestrunner.TestRunner2@676cf48]" started-at="2024-04-10T13:23:54 CDT" name="runScenario" description="Runs Cucumber Scenarios" data-provider="scenarios" finished-at="2024-04-10T13:24:08 CDT" duration-ms="14104" status="PASS">
          <params>
            <param index="0">
              <value>
                <![CDATA["Linked List"]]>
              </value>
            </param>
            <param index="1">
              <value>
                <![CDATA["Linked List in Homepage"]]>
              </value>
            </param>
          </params>
          <reporter-output>
          </reporter-output>
        </test-method> <!-- runScenario -->
        <test-method signature="runScenario(io.cucumber.testng.PickleWrapper,io.cucumber.testng.FeatureWrapper)[pri:0, instance:dsalgotestrunner.TestRunner2@676cf48]" started-at="2024-04-10T13:23:54 CDT" name="runScenario" description="Runs Cucumber Scenarios" data-provider="scenarios" finished-at="2024-04-10T13:24:27 CDT" duration-ms="32610" status="PASS">
          <params>
            <param index="0">
              <value>
                <![CDATA["User clicks on Introduction"]]>
              </value>
            </param>
            <param index="1">
              <value>
                <![CDATA["Linked List in Homepage"]]>
              </value>
            </param>
          </params>
          <reporter-output>
          </reporter-output>
        </test-method> <!-- runScenario -->
        <test-method signature="runScenario(io.cucumber.testng.PickleWrapper,io.cucumber.testng.FeatureWrapper)[pri:0, instance:dsalgotestrunner.TestRunner2@676cf48]" started-at="2024-04-10T13:23:55 CDT" name="runScenario" description="Runs Cucumber Scenarios" data-provider="scenarios" finished-at="2024-04-10T13:24:14 CDT" duration-ms="19550" status="PASS">
          <params>
            <param index="0">
              <value>
                <![CDATA["User clicks on Create a Linked List"]]>
              </value>
            </param>
            <param index="1">
              <value>
                <![CDATA["Linked List in Homepage"]]>
              </value>
            </param>
          </params>
          <reporter-output>
          </reporter-output>
        </test-method> <!-- runScenario -->
        <test-method signature="runScenario(io.cucumber.testng.PickleWrapper,io.cucumber.testng.FeatureWrapper)[pri:0, instance:dsalgotestrunner.TestRunner2@676cf48]" started-at="2024-04-10T13:24:08 CDT" name="runScenario" description="Runs Cucumber Scenarios" data-provider="scenarios" finished-at="2024-04-10T13:24:24 CDT" duration-ms="16135" status="PASS">
          <params>
            <param index="0">
              <value>
                <![CDATA["User clicks on Types of Linked List"]]>
              </value>
            </param>
            <param index="1">
              <value>
                <![CDATA["Linked List in Homepage"]]>
              </value>
            </param>
          </params>
          <reporter-output>
          </reporter-output>
        </test-method> <!-- runScenario -->
        <test-method signature="runScenario(io.cucumber.testng.PickleWrapper,io.cucumber.testng.FeatureWrapper)[pri:0, instance:dsalgotestrunner.TestRunner2@676cf48]" started-at="2024-04-10T13:24:08 CDT" name="runScenario" description="Runs Cucumber Scenarios" data-provider="scenarios" finished-at="2024-04-10T13:24:23 CDT" duration-ms="14222" status="PASS">
          <params>
            <param index="0">
              <value>
                <![CDATA["User clicks on Implement Linked List in Python"]]>
              </value>
            </param>
            <param index="1">
              <value>
                <![CDATA["Linked List in Homepage"]]>
              </value>
            </param>
          </params>
          <reporter-output>
          </reporter-output>
        </test-method> <!-- runScenario -->
        <test-method signature="runScenario(io.cucumber.testng.PickleWrapper,io.cucumber.testng.FeatureWrapper)[pri:0, instance:dsalgotestrunner.TestRunner2@676cf48]" started-at="2024-04-10T13:24:11 CDT" name="runScenario" description="Runs Cucumber Scenarios" data-provider="scenarios" finished-at="2024-04-10T13:24:32 CDT" duration-ms="20458" status="PASS">
          <params>
            <param index="0">
              <value>
                <![CDATA["User clicks on Traversal"]]>
              </value>
            </param>
            <param index="1">
              <value>
                <![CDATA["Linked List in Homepage"]]>
              </value>
            </param>
          </params>
          <reporter-output>
          </reporter-output>
        </test-method> <!-- runScenario -->
        <test-method signature="runScenario(io.cucumber.testng.PickleWrapper,io.cucumber.testng.FeatureWrapper)[pri:0, instance:dsalgotestrunner.TestRunner2@676cf48]" started-at="2024-04-10T13:24:12 CDT" name="runScenario" description="Runs Cucumber Scenarios" data-provider="scenarios" finished-at="2024-04-10T13:24:37 CDT" duration-ms="25465" status="PASS">
          <params>
            <param index="0">
              <value>
                <![CDATA["User clicks on Insertion"]]>
              </value>
            </param>
            <param index="1">
              <value>
                <![CDATA["Linked List in Homepage"]]>
              </value>
            </param>
          </params>
          <reporter-output>
          </reporter-output>
        </test-method> <!-- runScenario -->
        <test-method signature="runScenario(io.cucumber.testng.PickleWrapper,io.cucumber.testng.FeatureWrapper)[pri:0, instance:dsalgotestrunner.TestRunner2@676cf48]" started-at="2024-04-10T13:24:12 CDT" name="runScenario" description="Runs Cucumber Scenarios" data-provider="scenarios" finished-at="2024-04-10T13:24:30 CDT" duration-ms="18442" status="PASS">
          <params>
            <param index="0">
              <value>
                <![CDATA["User clicks on Deletion"]]>
              </value>
            </param>
            <param index="1">
              <value>
                <![CDATA["Linked List in Homepage"]]>
              </value>
            </param>
          </params>
          <reporter-output>
          </reporter-output>
        </test-method> <!-- runScenario -->
        <test-method signature="runScenario(io.cucumber.testng.PickleWrapper,io.cucumber.testng.FeatureWrapper)[pri:0, instance:dsalgotestrunner.TestRunner2@676cf48]" started-at="2024-04-10T13:24:12 CDT" name="runScenario" description="Runs Cucumber Scenarios" data-provider="scenarios" finished-at="2024-04-10T13:24:21 CDT" duration-ms="9540" status="PASS">
          <params>
            <param index="0">
              <value>
                <![CDATA["Negative Scenario testing with invalid data"]]>
              </value>
            </param>
            <param index="1">
              <value>
                <![CDATA["Login Functionality Testing"]]>
              </value>
            </param>
          </params>
          <reporter-output>
          </reporter-output>
        </test-method> <!-- runScenario -->
        <test-method signature="runScenario(io.cucumber.testng.PickleWrapper,io.cucumber.testng.FeatureWrapper)[pri:0, instance:dsalgotestrunner.TestRunner2@676cf48]" started-at="2024-04-10T13:24:14 CDT" name="runScenario" description="Runs Cucumber Scenarios" data-provider="scenarios" finished-at="2024-04-10T13:24:25 CDT" duration-ms="10953" status="PASS">
          <params>
            <param index="0">
              <value>
                <![CDATA["Negative Scenario testing with invalid data"]]>
              </value>
            </param>
            <param index="1">
              <value>
                <![CDATA["Login Functionality Testing"]]>
              </value>
            </param>
          </params>
          <reporter-output>
          </reporter-output>
        </test-method> <!-- runScenario -->
        <test-method signature="runScenario(io.cucumber.testng.PickleWrapper,io.cucumber.testng.FeatureWrapper)[pri:0, instance:dsalgotestrunner.TestRunner2@676cf48]" started-at="2024-04-10T13:24:14 CDT" name="runScenario" description="Runs Cucumber Scenarios" data-provider="scenarios" finished-at="2024-04-10T13:24:22 CDT" duration-ms="8048" status="PASS">
          <params>
            <param index="0">
              <value>
                <![CDATA["Negative Scenario testing with invalid data"]]>
              </value>
            </param>
            <param index="1">
              <value>
                <![CDATA["Login Functionality Testing"]]>
              </value>
            </param>
          </params>
          <reporter-output>
          </reporter-output>
        </test-method> <!-- runScenario -->
        <test-method signature="runScenario(io.cucumber.testng.PickleWrapper,io.cucumber.testng.FeatureWrapper)[pri:0, instance:dsalgotestrunner.TestRunner2@676cf48]" started-at="2024-04-10T13:24:14 CDT" name="runScenario" description="Runs Cucumber Scenarios" data-provider="scenarios" finished-at="2024-04-10T13:24:23 CDT" duration-ms="8956" status="PASS">
          <params>
            <param index="0">
              <value>
                <![CDATA["Negative Scenario testing with invalid data"]]>
              </value>
            </param>
            <param index="1">
              <value>
                <![CDATA["Login Functionality Testing"]]>
              </value>
            </param>
          </params>
          <reporter-output>
          </reporter-output>
        </test-method> <!-- runScenario -->
        <test-method signature="runScenario(io.cucumber.testng.PickleWrapper,io.cucumber.testng.FeatureWrapper)[pri:0, instance:dsalgotestrunner.TestRunner2@676cf48]" started-at="2024-04-10T13:24:21 CDT" name="runScenario" description="Runs Cucumber Scenarios" data-provider="scenarios" finished-at="2024-04-10T13:24:28 CDT" duration-ms="6152" status="PASS">
          <params>
            <param index="0">
              <value>
                <![CDATA["Negative Scenario testing with invalid data"]]>
              </value>
            </param>
            <param index="1">
              <value>
                <![CDATA["Login Functionality Testing"]]>
              </value>
            </param>
          </params>
          <reporter-output>
          </reporter-output>
        </test-method> <!-- runScenario -->
        <test-method signature="runScenario(io.cucumber.testng.PickleWrapper,io.cucumber.testng.FeatureWrapper)[pri:0, instance:dsalgotestrunner.TestRunner2@676cf48]" started-at="2024-04-10T13:24:22 CDT" name="runScenario" description="Runs Cucumber Scenarios" data-provider="scenarios" finished-at="2024-04-10T13:24:31 CDT" duration-ms="9048" status="PASS">
          <params>
            <param index="0">
              <value>
                <![CDATA["Positive Scenario testing with valid inputs"]]>
              </value>
            </param>
            <param index="1">
              <value>
                <![CDATA["Login Functionality Testing"]]>
              </value>
            </param>
          </params>
          <reporter-output>
          </reporter-output>
        </test-method> <!-- runScenario -->
        <test-method signature="runScenario(io.cucumber.testng.PickleWrapper,io.cucumber.testng.FeatureWrapper)[pri:0, instance:dsalgotestrunner.TestRunner2@676cf48]" started-at="2024-04-10T13:24:23 CDT" name="runScenario" description="Runs Cucumber Scenarios" data-provider="scenarios" finished-at="2024-04-10T13:24:32 CDT" duration-ms="9544" status="PASS">
          <params>
            <param index="0">
              <value>
                <![CDATA["Click on Getstarted"]]>
              </value>
            </param>
            <param index="1">
              <value>
                <![CDATA["Queue in Homepage"]]>
              </value>
            </param>
          </params>
          <reporter-output>
          </reporter-output>
        </test-method> <!-- runScenario -->
        <test-method signature="runScenario(io.cucumber.testng.PickleWrapper,io.cucumber.testng.FeatureWrapper)[pri:0, instance:dsalgotestrunner.TestRunner2@676cf48]" started-at="2024-04-10T13:24:23 CDT" name="runScenario" description="Runs Cucumber Scenarios" data-provider="scenarios" finished-at="2024-04-10T13:24:43 CDT" duration-ms="19938" status="PASS">
          <params>
            <param index="0">
              <value>
                <![CDATA["Click on Implementation of Queue in Python"]]>
              </value>
            </param>
            <param index="1">
              <value>
                <![CDATA["Queue in Homepage"]]>
              </value>
            </param>
          </params>
          <reporter-output>
          </reporter-output>
        </test-method> <!-- runScenario -->
        <test-method signature="runScenario(io.cucumber.testng.PickleWrapper,io.cucumber.testng.FeatureWrapper)[pri:0, instance:dsalgotestrunner.TestRunner2@676cf48]" started-at="2024-04-10T13:24:24 CDT" name="runScenario" description="Runs Cucumber Scenarios" data-provider="scenarios" finished-at="2024-04-10T13:24:39 CDT" duration-ms="14576" status="PASS">
          <params>
            <param index="0">
              <value>
                <![CDATA["click on Implementation using collections dequeue"]]>
              </value>
            </param>
            <param index="1">
              <value>
                <![CDATA["Queue in Homepage"]]>
              </value>
            </param>
          </params>
          <reporter-output>
          </reporter-output>
        </test-method> <!-- runScenario -->
        <test-method signature="runScenario(io.cucumber.testng.PickleWrapper,io.cucumber.testng.FeatureWrapper)[pri:0, instance:dsalgotestrunner.TestRunner2@676cf48]" started-at="2024-04-10T13:24:25 CDT" name="runScenario" description="Runs Cucumber Scenarios" data-provider="scenarios" finished-at="2024-04-10T13:24:47 CDT" duration-ms="22023" status="PASS">
          <params>
            <param index="0">
              <value>
                <![CDATA["click on Implementation using array"]]>
              </value>
            </param>
            <param index="1">
              <value>
                <![CDATA["Queue in Homepage"]]>
              </value>
            </param>
          </params>
          <reporter-output>
          </reporter-output>
        </test-method> <!-- runScenario -->
        <test-method signature="runScenario(io.cucumber.testng.PickleWrapper,io.cucumber.testng.FeatureWrapper)[pri:0, instance:dsalgotestrunner.TestRunner2@676cf48]" started-at="2024-04-10T13:24:27 CDT" name="runScenario" description="Runs Cucumber Scenarios" data-provider="scenarios" finished-at="2024-04-10T13:24:43 CDT" duration-ms="16362" status="PASS">
          <params>
            <param index="0">
              <value>
                <![CDATA["click on Queue Operations"]]>
              </value>
            </param>
            <param index="1">
              <value>
                <![CDATA["Queue in Homepage"]]>
              </value>
            </param>
          </params>
          <reporter-output>
          </reporter-output>
        </test-method> <!-- runScenario -->
        <test-method signature="runScenario(io.cucumber.testng.PickleWrapper,io.cucumber.testng.FeatureWrapper)[pri:0, instance:dsalgotestrunner.TestRunner2@676cf48]" started-at="2024-04-10T13:24:28 CDT" name="runScenario" description="Runs Cucumber Scenarios" data-provider="scenarios" finished-at="2024-04-10T13:24:39 CDT" duration-ms="11158" status="PASS">
          <params>
            <param index="0">
              <value>
                <![CDATA["Entering null values in Username and Password"]]>
              </value>
            </param>
            <param index="1">
              <value>
                <![CDATA["Registration Page"]]>
              </value>
            </param>
          </params>
          <reporter-output>
          </reporter-output>
        </test-method> <!-- runScenario -->
        <test-method signature="runScenario(io.cucumber.testng.PickleWrapper,io.cucumber.testng.FeatureWrapper)[pri:0, instance:dsalgotestrunner.TestRunner2@676cf48]" started-at="2024-04-10T13:24:30 CDT" name="runScenario" description="Runs Cucumber Scenarios" data-provider="scenarios" finished-at="2024-04-10T13:24:43 CDT" duration-ms="12849" status="PASS">
          <params>
            <param index="0">
              <value>
                <![CDATA["Entering null values in Username and Password"]]>
              </value>
            </param>
            <param index="1">
              <value>
                <![CDATA["Registration Page"]]>
              </value>
            </param>
          </params>
          <reporter-output>
          </reporter-output>
        </test-method> <!-- runScenario -->
        <test-method signature="runScenario(io.cucumber.testng.PickleWrapper,io.cucumber.testng.FeatureWrapper)[pri:0, instance:dsalgotestrunner.TestRunner2@676cf48]" started-at="2024-04-10T13:24:31 CDT" name="runScenario" description="Runs Cucumber Scenarios" data-provider="scenarios" finished-at="2024-04-10T13:24:42 CDT" duration-ms="10661" status="PASS">
          <params>
            <param index="0">
              <value>
                <![CDATA["Entering null values in Username and Password"]]>
              </value>
            </param>
            <param index="1">
              <value>
                <![CDATA["Registration Page"]]>
              </value>
            </param>
          </params>
          <reporter-output>
          </reporter-output>
        </test-method> <!-- runScenario -->
        <test-method signature="runScenario(io.cucumber.testng.PickleWrapper,io.cucumber.testng.FeatureWrapper)[pri:0, instance:dsalgotestrunner.TestRunner2@676cf48]" started-at="2024-04-10T13:24:32 CDT" name="runScenario" description="Runs Cucumber Scenarios" data-provider="scenarios" finished-at="2024-04-10T13:24:40 CDT" duration-ms="8769" status="PASS">
          <params>
            <param index="0">
              <value>
                <![CDATA["Entering null values in Username and Password"]]>
              </value>
            </param>
            <param index="1">
              <value>
                <![CDATA["Registration Page"]]>
              </value>
            </param>
          </params>
          <reporter-output>
          </reporter-output>
        </test-method> <!-- runScenario -->
        <test-method signature="runScenario(io.cucumber.testng.PickleWrapper,io.cucumber.testng.FeatureWrapper)[pri:0, instance:dsalgotestrunner.TestRunner2@676cf48]" started-at="2024-04-10T13:24:32 CDT" name="runScenario" description="Runs Cucumber Scenarios" data-provider="scenarios" finished-at="2024-04-10T13:24:40 CDT" duration-ms="7974" status="PASS">
          <params>
            <param index="0">
              <value>
                <![CDATA["Entering null values in Username and Password"]]>
              </value>
            </param>
            <param index="1">
              <value>
                <![CDATA["Registration Page"]]>
              </value>
            </param>
          </params>
          <reporter-output>
          </reporter-output>
        </test-method> <!-- runScenario -->
        <test-method signature="runScenario(io.cucumber.testng.PickleWrapper,io.cucumber.testng.FeatureWrapper)[pri:0, instance:dsalgotestrunner.TestRunner2@676cf48]" started-at="2024-04-10T13:24:37 CDT" name="runScenario" description="Runs Cucumber Scenarios" data-provider="scenarios" finished-at="2024-04-10T13:24:51 CDT" duration-ms="13363" status="PASS">
          <params>
            <param index="0">
              <value>
                <![CDATA["Entering null values in Username and Password"]]>
              </value>
            </param>
            <param index="1">
              <value>
                <![CDATA["Registration Page"]]>
              </value>
            </param>
          </params>
          <reporter-output>
          </reporter-output>
        </test-method> <!-- runScenario -->
        <test-method signature="runScenario(io.cucumber.testng.PickleWrapper,io.cucumber.testng.FeatureWrapper)[pri:0, instance:dsalgotestrunner.TestRunner2@676cf48]" started-at="2024-04-10T13:24:39 CDT" name="runScenario" description="Runs Cucumber Scenarios" data-provider="scenarios" finished-at="2024-04-10T13:24:51 CDT" duration-ms="12244" status="PASS">
          <params>
            <param index="0">
              <value>
                <![CDATA["User enters correct username and correct password"]]>
              </value>
            </param>
            <param index="1">
              <value>
                <![CDATA["Registration Page"]]>
              </value>
            </param>
          </params>
          <reporter-output>
          </reporter-output>
        </test-method> <!-- runScenario -->
        <test-method signature="runScenario(io.cucumber.testng.PickleWrapper,io.cucumber.testng.FeatureWrapper)[pri:0, instance:dsalgotestrunner.TestRunner2@676cf48]" started-at="2024-04-10T13:24:39 CDT" name="runScenario" description="Runs Cucumber Scenarios" data-provider="scenarios" finished-at="2024-04-10T13:24:56 CDT" duration-ms="17020" status="PASS">
          <params>
            <param index="0">
              <value>
                <![CDATA["Stack"]]>
              </value>
            </param>
            <param index="1">
              <value>
                <![CDATA["Stack in Homepage"]]>
              </value>
            </param>
          </params>
          <reporter-output>
          </reporter-output>
        </test-method> <!-- runScenario -->
        <test-method signature="runScenario(io.cucumber.testng.PickleWrapper,io.cucumber.testng.FeatureWrapper)[pri:0, instance:dsalgotestrunner.TestRunner2@676cf48]" started-at="2024-04-10T13:24:40 CDT" name="runScenario" description="Runs Cucumber Scenarios" data-provider="scenarios" finished-at="2024-04-10T13:25:00 CDT" duration-ms="20279" status="PASS">
          <params>
            <param index="0">
              <value>
                <![CDATA["User clicks on Operations in Stack"]]>
              </value>
            </param>
            <param index="1">
              <value>
                <![CDATA["Stack in Homepage"]]>
              </value>
            </param>
          </params>
          <reporter-output>
          </reporter-output>
        </test-method> <!-- runScenario -->
        <test-method signature="runScenario(io.cucumber.testng.PickleWrapper,io.cucumber.testng.FeatureWrapper)[pri:0, instance:dsalgotestrunner.TestRunner2@676cf48]" started-at="2024-04-10T13:24:40 CDT" name="runScenario" description="Runs Cucumber Scenarios" data-provider="scenarios" finished-at="2024-04-10T13:24:56 CDT" duration-ms="16087" status="PASS">
          <params>
            <param index="0">
              <value>
                <![CDATA["User clicks on Implementation"]]>
              </value>
            </param>
            <param index="1">
              <value>
                <![CDATA["Stack in Homepage"]]>
              </value>
            </param>
          </params>
          <reporter-output>
          </reporter-output>
        </test-method> <!-- runScenario -->
        <test-method signature="runScenario(io.cucumber.testng.PickleWrapper,io.cucumber.testng.FeatureWrapper)[pri:0, instance:dsalgotestrunner.TestRunner2@676cf48]" started-at="2024-04-10T13:24:42 CDT" name="runScenario" description="Runs Cucumber Scenarios" data-provider="scenarios" finished-at="2024-04-10T13:25:02 CDT" duration-ms="19707" status="PASS">
          <params>
            <param index="0">
              <value>
                <![CDATA["User clicks on Applications"]]>
              </value>
            </param>
            <param index="1">
              <value>
                <![CDATA["Stack in Homepage"]]>
              </value>
            </param>
          </params>
          <reporter-output>
          </reporter-output>
        </test-method> <!-- runScenario -->
        <test-method signature="runScenario(io.cucumber.testng.PickleWrapper,io.cucumber.testng.FeatureWrapper)[pri:0, instance:dsalgotestrunner.TestRunner2@676cf48]" started-at="2024-04-10T13:24:43 CDT" name="runScenario" description="Runs Cucumber Scenarios" data-provider="scenarios" finished-at="2024-04-10T13:25:04 CDT" duration-ms="21028" status="PASS">
          <params>
            <param index="0">
              <value>
                <![CDATA["Click on Get started"]]>
              </value>
            </param>
            <param index="1">
              <value>
                <![CDATA["Tree in Homepage"]]>
              </value>
            </param>
          </params>
          <reporter-output>
          </reporter-output>
        </test-method> <!-- runScenario -->
        <test-method signature="runScenario(io.cucumber.testng.PickleWrapper,io.cucumber.testng.FeatureWrapper)[pri:0, instance:dsalgotestrunner.TestRunner2@676cf48]" started-at="2024-04-10T13:24:43 CDT" name="runScenario" description="Runs Cucumber Scenarios" data-provider="scenarios" finished-at="2024-04-10T13:24:56 CDT" duration-ms="13036" status="PASS">
          <params>
            <param index="0">
              <value>
                <![CDATA["Click on Overview of Trees"]]>
              </value>
            </param>
            <param index="1">
              <value>
                <![CDATA["Tree in Homepage"]]>
              </value>
            </param>
          </params>
          <reporter-output>
          </reporter-output>
        </test-method> <!-- runScenario -->
        <test-method signature="runScenario(io.cucumber.testng.PickleWrapper,io.cucumber.testng.FeatureWrapper)[pri:0, instance:dsalgotestrunner.TestRunner2@676cf48]" started-at="2024-04-10T13:24:43 CDT" name="runScenario" description="Runs Cucumber Scenarios" data-provider="scenarios" finished-at="2024-04-10T13:24:57 CDT" duration-ms="13969" status="PASS">
          <params>
            <param index="0">
              <value>
                <![CDATA["Click on Terminologies"]]>
              </value>
            </param>
            <param index="1">
              <value>
                <![CDATA["Tree in Homepage"]]>
              </value>
            </param>
          </params>
          <reporter-output>
          </reporter-output>
        </test-method> <!-- runScenario -->
        <test-method signature="runScenario(io.cucumber.testng.PickleWrapper,io.cucumber.testng.FeatureWrapper)[pri:0, instance:dsalgotestrunner.TestRunner2@676cf48]" started-at="2024-04-10T13:24:47 CDT" name="runScenario" description="Runs Cucumber Scenarios" data-provider="scenarios" finished-at="2024-04-10T13:25:08 CDT" duration-ms="20971" status="PASS">
          <params>
            <param index="0">
              <value>
                <![CDATA["Click on Types of Trees"]]>
              </value>
            </param>
            <param index="1">
              <value>
                <![CDATA["Tree in Homepage"]]>
              </value>
            </param>
          </params>
          <reporter-output>
          </reporter-output>
        </test-method> <!-- runScenario -->
        <test-method signature="runScenario(io.cucumber.testng.PickleWrapper,io.cucumber.testng.FeatureWrapper)[pri:0, instance:dsalgotestrunner.TestRunner2@676cf48]" started-at="2024-04-10T13:24:51 CDT" name="runScenario" description="Runs Cucumber Scenarios" data-provider="scenarios" finished-at="2024-04-10T13:25:10 CDT" duration-ms="19799" status="PASS">
          <params>
            <param index="0">
              <value>
                <![CDATA["Click on Tree Traversals"]]>
              </value>
            </param>
            <param index="1">
              <value>
                <![CDATA["Tree in Homepage"]]>
              </value>
            </param>
          </params>
          <reporter-output>
          </reporter-output>
        </test-method> <!-- runScenario -->
        <test-method signature="runScenario(io.cucumber.testng.PickleWrapper,io.cucumber.testng.FeatureWrapper)[pri:0, instance:dsalgotestrunner.TestRunner2@676cf48]" started-at="2024-04-10T13:24:51 CDT" name="runScenario" description="Runs Cucumber Scenarios" data-provider="scenarios" finished-at="2024-04-10T13:25:10 CDT" duration-ms="19050" status="PASS">
          <params>
            <param index="0">
              <value>
                <![CDATA["Click on Traversal Illustration"]]>
              </value>
            </param>
            <param index="1">
              <value>
                <![CDATA["Tree in Homepage"]]>
              </value>
            </param>
          </params>
          <reporter-output>
          </reporter-output>
        </test-method> <!-- runScenario -->
        <test-method signature="runScenario(io.cucumber.testng.PickleWrapper,io.cucumber.testng.FeatureWrapper)[pri:0, instance:dsalgotestrunner.TestRunner2@676cf48]" started-at="2024-04-10T13:24:56 CDT" name="runScenario" description="Runs Cucumber Scenarios" data-provider="scenarios" finished-at="2024-04-10T13:25:10 CDT" duration-ms="14142" status="PASS">
          <params>
            <param index="0">
              <value>
                <![CDATA["Click on Binary Trees"]]>
              </value>
            </param>
            <param index="1">
              <value>
                <![CDATA["Tree in Homepage"]]>
              </value>
            </param>
          </params>
          <reporter-output>
          </reporter-output>
        </test-method> <!-- runScenario -->
        <test-method signature="runScenario(io.cucumber.testng.PickleWrapper,io.cucumber.testng.FeatureWrapper)[pri:0, instance:dsalgotestrunner.TestRunner2@676cf48]" started-at="2024-04-10T13:24:56 CDT" name="runScenario" description="Runs Cucumber Scenarios" data-provider="scenarios" finished-at="2024-04-10T13:25:10 CDT" duration-ms="13657" status="PASS">
          <params>
            <param index="0">
              <value>
                <![CDATA["Click on Types of Binary Trees"]]>
              </value>
            </param>
            <param index="1">
              <value>
                <![CDATA["Tree in Homepage"]]>
              </value>
            </param>
          </params>
          <reporter-output>
          </reporter-output>
        </test-method> <!-- runScenario -->
        <test-method signature="runScenario(io.cucumber.testng.PickleWrapper,io.cucumber.testng.FeatureWrapper)[pri:0, instance:dsalgotestrunner.TestRunner2@676cf48]" started-at="2024-04-10T13:24:56 CDT" name="runScenario" description="Runs Cucumber Scenarios" data-provider="scenarios" finished-at="2024-04-10T13:25:11 CDT" duration-ms="14265" status="PASS">
          <params>
            <param index="0">
              <value>
                <![CDATA["Click on Implementation in Python"]]>
              </value>
            </param>
            <param index="1">
              <value>
                <![CDATA["Tree in Homepage"]]>
              </value>
            </param>
          </params>
          <reporter-output>
          </reporter-output>
        </test-method> <!-- runScenario -->
        <test-method signature="runScenario(io.cucumber.testng.PickleWrapper,io.cucumber.testng.FeatureWrapper)[pri:0, instance:dsalgotestrunner.TestRunner2@676cf48]" started-at="2024-04-10T13:24:57 CDT" name="runScenario" description="Runs Cucumber Scenarios" data-provider="scenarios" finished-at="2024-04-10T13:25:10 CDT" duration-ms="12956" status="PASS">
          <params>
            <param index="0">
              <value>
                <![CDATA["Click on Binary Tree traversals"]]>
              </value>
            </param>
            <param index="1">
              <value>
                <![CDATA["Tree in Homepage"]]>
              </value>
            </param>
          </params>
          <reporter-output>
          </reporter-output>
        </test-method> <!-- runScenario -->
        <test-method signature="runScenario(io.cucumber.testng.PickleWrapper,io.cucumber.testng.FeatureWrapper)[pri:0, instance:dsalgotestrunner.TestRunner2@676cf48]" started-at="2024-04-10T13:25:00 CDT" name="runScenario" description="Runs Cucumber Scenarios" data-provider="scenarios" finished-at="2024-04-10T13:25:11 CDT" duration-ms="10958" status="PASS">
          <params>
            <param index="0">
              <value>
                <![CDATA["Click on Implementation of Binary Trees"]]>
              </value>
            </param>
            <param index="1">
              <value>
                <![CDATA["Tree in Homepage"]]>
              </value>
            </param>
          </params>
          <reporter-output>
          </reporter-output>
        </test-method> <!-- runScenario -->
        <test-method signature="runScenario(io.cucumber.testng.PickleWrapper,io.cucumber.testng.FeatureWrapper)[pri:0, instance:dsalgotestrunner.TestRunner2@676cf48]" started-at="2024-04-10T13:25:02 CDT" name="runScenario" description="Runs Cucumber Scenarios" data-provider="scenarios" finished-at="2024-04-10T13:25:12 CDT" duration-ms="10414" status="PASS">
          <params>
            <param index="0">
              <value>
                <![CDATA["Click on Binary Search Trees"]]>
              </value>
            </param>
            <param index="1">
              <value>
                <![CDATA["Tree in Homepage"]]>
              </value>
            </param>
          </params>
          <reporter-output>
          </reporter-output>
        </test-method> <!-- runScenario -->
        <test-method signature="runScenario(io.cucumber.testng.PickleWrapper,io.cucumber.testng.FeatureWrapper)[pri:0, instance:dsalgotestrunner.TestRunner2@676cf48]" started-at="2024-04-10T13:25:04 CDT" name="runScenario" description="Runs Cucumber Scenarios" data-provider="scenarios" finished-at="2024-04-10T13:25:13 CDT" duration-ms="8954" status="PASS">
          <params>
            <param index="0">
              <value>
                <![CDATA["Click on Implementation of BST"]]>
              </value>
            </param>
            <param index="1">
              <value>
                <![CDATA["Tree in Homepage"]]>
              </value>
            </param>
          </params>
          <reporter-output>
          </reporter-output>
        </test-method> <!-- runScenario -->
        <test-method is-config="true" signature="tearDownClass()[pri:0, instance:dsalgotestrunner.TestRunner2@676cf48]" started-at="2024-04-10T13:25:13 CDT" name="tearDownClass" finished-at="2024-04-10T13:25:17 CDT" duration-ms="3594" status="PASS">
          <reporter-output>
          </reporter-output>
        </test-method> <!-- tearDownClass -->
      </class> <!-- dsalgotestrunner.TestRunner2 -->
    </test> <!-- FirefoxTest -->
  </suite> <!-- dsalgoSuite -->
</testng-results>
